<?xml version="1.0" encoding="UTF-8"?>
<!-- Generated by org.testng.reporters.JUnitReportReporter -->
<testsuite skipped="1" hostname="WIN-NUTOTAM2N37" name="com.zomato.WebPages.ZomatoOrderFoodTest" tests="4" failures="0" timestamp="14 May 2018 11:32:13 GMT" time="122.679" errors="1">
  <testcase name="setup" time="76.637" classname="com.zomato.WebPages.ZomatoOrderFoodTest">
    <error type="org.openqa.selenium.TimeoutException" message="Timed out waiting for page load.
Command duration or timeout: 40.05 seconds
Build info: version: &#039;2.53.0&#039;, revision: &#039;35ae25b&#039;, time: &#039;2016-03-15 16:57:40&#039;
System info: host: &#039;WIN-NUTOTAM2N37&#039;, ip: &#039;172.24.4.12&#039;, os.name: &#039;Windows Server 2008 R2&#039;, os.arch: &#039;amd64&#039;, os.version: &#039;6.1&#039;, java.version: &#039;1.8.0_101&#039;
Driver info: org.openqa.selenium.firefox.FirefoxDriver
Capabilities [{applicationCacheEnabled=true, rotatable=false, handlesAlerts=true, databaseEnabled=true, version=46.0, platform=WINDOWS, nativeEvents=false, acceptSslCerts=true, webStorageEnabled=true, locationContextEnabled=true, browserName=firefox, takesScreenshot=true, javascriptEnabled=true, cssSelectorsEnabled=true}]
Session ID: 9c40a94b-ddd6-4ae4-9a34-c22e75283503">
      <![CDATA[org.openqa.selenium.TimeoutException: Timed out waiting for page load.Command duration or timeout: 40.05 secondsBuild info: version: '2.53.0', revision: '35ae25b', time: '2016-03-15 16:57:40'System info: host: 'WIN-NUTOTAM2N37', ip: '172.24.4.12', os.name: 'Windows Server 2008 R2', os.arch: 'amd64', os.version: '6.1', java.version: '1.8.0_101'Driver info: org.openqa.selenium.firefox.FirefoxDriverCapabilities [{applicationCacheEnabled=true, rotatable=false, handlesAlerts=true, databaseEnabled=true, version=46.0, platform=WINDOWS, nativeEvents=false, acceptSslCerts=true, webStorageEnabled=true, locationContextEnabled=true, browserName=firefox, takesScreenshot=true, javascriptEnabled=true, cssSelectorsEnabled=true}]Session ID: 9c40a94b-ddd6-4ae4-9a34-c22e75283503at sun.reflect.NativeConstructorAccessorImpl.newInstance0(Native Method)at sun.reflect.NativeConstructorAccessorImpl.newInstance(Unknown Source)at sun.reflect.DelegatingConstructorAccessorImpl.newInstance(Unknown Source)at java.lang.reflect.Constructor.newInstance(Unknown Source)at org.openqa.selenium.remote.ErrorHandler.createThrowable(ErrorHandler.java:206)at org.openqa.selenium.remote.ErrorHandler.throwIfResponseFailed(ErrorHandler.java:158)at org.openqa.selenium.remote.RemoteWebDriver.execute(RemoteWebDriver.java:678)at org.openqa.selenium.remote.RemoteWebDriver.get(RemoteWebDriver.java:316)at com.zomato.WebPages.ZomatoOrderFoodTest.setup(ZomatoOrderFoodTest.java:63)at sun.reflect.NativeMethodAccessorImpl.invoke0(Native Method)at sun.reflect.NativeMethodAccessorImpl.invoke(Unknown Source)at sun.reflect.DelegatingMethodAccessorImpl.invoke(Unknown Source)at java.lang.reflect.Method.invoke(Unknown Source)at org.testng.internal.MethodInvocationHelper.invokeMethod(MethodInvocationHelper.java:124)at org.testng.internal.MethodInvocationHelper.invokeMethodConsideringTimeout(MethodInvocationHelper.java:59)at org.testng.internal.Invoker.invokeConfigurationMethod(Invoker.java:451)at org.testng.internal.Invoker.invokeConfigurations(Invoker.java:222)at org.testng.internal.Invoker.invokeMethod(Invoker.java:516)at org.testng.internal.Invoker.invokeTestMethod(Invoker.java:707)at org.testng.internal.Invoker.invokeTestMethods(Invoker.java:979)at org.testng.internal.TestMethodWorker.invokeTestMethods(TestMethodWorker.java:125)at org.testng.internal.TestMethodWorker.run(TestMethodWorker.java:109)at org.testng.TestRunner.privateRun(TestRunner.java:648)at org.testng.TestRunner.run(TestRunner.java:505)at org.testng.SuiteRunner.runTest(SuiteRunner.java:455)at org.testng.SuiteRunner.runSequentially(SuiteRunner.java:450)at org.testng.SuiteRunner.privateRun(SuiteRunner.java:415)at org.testng.SuiteRunner.run(SuiteRunner.java:364)at org.testng.SuiteRunnerWorker.runSuite(SuiteRunnerWorker.java:52)at org.testng.SuiteRunnerWorker.run(SuiteRunnerWorker.java:84)at org.testng.TestNG.runSuitesSequentially(TestNG.java:1187)at org.testng.TestNG.runSuitesLocally(TestNG.java:1116)at org.testng.TestNG.runSuites(TestNG.java:1028)at org.testng.TestNG.run(TestNG.java:996)at org.testng.remote.AbstractRemoteTestNG.run(AbstractRemoteTestNG.java:114)at org.testng.remote.RemoteTestNG.initAndRun(RemoteTestNG.java:251)at org.testng.remote.RemoteTestNG.main(RemoteTestNG.java:77)Caused by: org.openqa.selenium.TimeoutException: Timed out waiting for page load.Build info: version: '2.53.0', revision: '35ae25b', time: '2016-03-15 16:57:40'System info: host: 'WIN-NUTOTAM2N37', ip: '172.24.4.12', os.name: 'Windows Server 2008 R2', os.arch: 'amd64', os.version: '6.1', java.version: '1.8.0_101'Driver info: driver.version: unknownat <anonymous class>.Utils.initWebLoadingListener/<(file:///C:/Users/ADMINI~1/AppData/Local/Temp/4/anonymous571869204130106440webdriver-profile/extensions/fxdriver@googlecode.com/components/driver-component.js:9071)at <anonymous class>.WebLoadingListener/e(file:///C:/Users/ADMINI~1/AppData/Local/Temp/4/anonymous571869204130106440webdriver-profile/extensions/fxdriver@googlecode.com/components/driver-component.js:5142)at <anonymous class>.WebLoadingListener/<(file:///C:/Users/ADMINI~1/AppData/Local/Temp/4/anonymous571869204130106440webdriver-profile/extensions/fxdriver@googlecode.com/components/driver-component.js:5150)at <anonymous class>.fxdriver.Timer.prototype.setTimeout/<.notify(file:///C:/Users/ADMINI~1/AppData/Local/Temp/4/anonymous571869204130106440webdriver-profile/extensions/fxdriver@googlecode.com/components/driver-component.js:625)]]>
    </error>
  </testcase> <!-- setup -->
  <testcase name="ViewOrderByTrends" time="35.542" classname="com.zomato.WebPages.ZomatoOrderFoodTest"/>
  <testcase name="viewRestaurantsDetailsBySuggestedSearch" time="10.500" classname="com.zomato.WebPages.ZomatoOrderFoodTest"/>
  <testcase name="viewRestaurantsDetailsBySearching" time="0.000" classname="com.zomato.WebPages.ZomatoOrderFoodTest">
    <skipped/>
  </testcase> <!-- viewRestaurantsDetailsBySearching -->
</testsuite> <!-- com.zomato.WebPages.ZomatoOrderFoodTest -->
