<?xml version="1.0" encoding="UTF-8"?>
<!-- Generated by org.testng.reporters.JUnitXMLReporter -->
<testsuite hostname="WIN-NUTOTAM2N37" ignored="6" name="Default test" tests="1" failures="1" timestamp="22 Jun 2018 13:35:25 GMT" time="34.044" errors="0">
  <testcase name="loginZomato" time="18.765" classname="com.zomato.TestCases.GeneralUserHomePageTest">
    <failure type="org.openqa.selenium.NoSuchElementException" message="Unable to locate element: {&amp;quot;method&amp;quot;:&amp;quot;id&amp;quot;,&amp;quot;selector&amp;quot;:&amp;quot;ld-email1&amp;quot;}
Command duration or timeout: 10.12 seconds
For documentation on this error, please visit: http://seleniumhq.org/exceptions/no_such_element.html
Build info: version: &amp;apos;2.53.0&amp;apos;, revision: &amp;apos;35ae25b&amp;apos;, time: &amp;apos;2016-03-15 16:57:40&amp;apos;
System info: host: &amp;apos;WIN-NUTOTAM2N37&amp;apos;, ip: &amp;apos;172.24.4.12&amp;apos;, os.name: &amp;apos;Windows Server 2008 R2&amp;apos;, os.arch: &amp;apos;amd64&amp;apos;, os.version: &amp;apos;6.1&amp;apos;, java.version: &amp;apos;1.8.0_101&amp;apos;
Driver info: org.openqa.selenium.firefox.FirefoxDriver
Capabilities [{applicationCacheEnabled=true, rotatable=false, handlesAlerts=true, databaseEnabled=true, version=46.0, platform=WINDOWS, nativeEvents=false, acceptSslCerts=true, webStorageEnabled=true, locationContextEnabled=true, browserName=firefox, takesScreenshot=true, javascriptEnabled=true, cssSelectorsEnabled=true}]
Session ID: bb7bbdd6-6008-48a9-94d6-38d42b6e8989
*** Element info: {Using=id, value=ld-email1}">
      <![CDATA[org.openqa.selenium.NoSuchElementException: Unable to locate element: {"method":"id","selector":"ld-email1"}Command duration or timeout: 10.12 secondsFor documentation on this error, please visit: http://seleniumhq.org/exceptions/no_such_element.htmlBuild info: version: '2.53.0', revision: '35ae25b', time: '2016-03-15 16:57:40'System info: host: 'WIN-NUTOTAM2N37', ip: '172.24.4.12', os.name: 'Windows Server 2008 R2', os.arch: 'amd64', os.version: '6.1', java.version: '1.8.0_101'Driver info: org.openqa.selenium.firefox.FirefoxDriverCapabilities [{applicationCacheEnabled=true, rotatable=false, handlesAlerts=true, databaseEnabled=true, version=46.0, platform=WINDOWS, nativeEvents=false, acceptSslCerts=true, webStorageEnabled=true, locationContextEnabled=true, browserName=firefox, takesScreenshot=true, javascriptEnabled=true, cssSelectorsEnabled=true}]Session ID: bb7bbdd6-6008-48a9-94d6-38d42b6e8989*** Element info: {Using=id, value=ld-email1}at sun.reflect.NativeConstructorAccessorImpl.newInstance0(Native Method)at sun.reflect.NativeConstructorAccessorImpl.newInstance(Unknown Source)at sun.reflect.DelegatingConstructorAccessorImpl.newInstance(Unknown Source)at java.lang.reflect.Constructor.newInstance(Unknown Source)at org.openqa.selenium.remote.ErrorHandler.createThrowable(ErrorHandler.java:206)at org.openqa.selenium.remote.ErrorHandler.throwIfResponseFailed(ErrorHandler.java:158)at org.openqa.selenium.remote.RemoteWebDriver.execute(RemoteWebDriver.java:678)at org.openqa.selenium.remote.RemoteWebDriver.findElement(RemoteWebDriver.java:363)at org.openqa.selenium.remote.RemoteWebDriver.findElementById(RemoteWebDriver.java:413)at org.openqa.selenium.By$ById.findElement(By.java:218)at org.openqa.selenium.remote.RemoteWebDriver.findElement(RemoteWebDriver.java:355)at sun.reflect.NativeMethodAccessorImpl.invoke0(Native Method)at sun.reflect.NativeMethodAccessorImpl.invoke(Unknown Source)at sun.reflect.DelegatingMethodAccessorImpl.invoke(Unknown Source)at java.lang.reflect.Method.invoke(Unknown Source)at org.openqa.selenium.support.events.EventFiringWebDriver$2.invoke(EventFiringWebDriver.java:103)at com.sun.proxy.$Proxy9.findElement(Unknown Source)at org.openqa.selenium.support.events.EventFiringWebDriver.findElement(EventFiringWebDriver.java:188)at org.openqa.selenium.support.pagefactory.DefaultElementLocator.findElement(DefaultElementLocator.java:69)at org.openqa.selenium.support.pagefactory.internal.LocatingElementHandler.invoke(LocatingElementHandler.java:38)at com.sun.proxy.$Proxy11.sendKeys(Unknown Source)at com.zomato.WebElements.GeneralUserHomePageWebElements.login_with_zomato(GeneralUserHomePageWebElements.java:146)at com.zomato.TestCases.GeneralUserHomePageTest.loginZomato(GeneralUserHomePageTest.java:63)at sun.reflect.NativeMethodAccessorImpl.invoke0(Native Method)at sun.reflect.NativeMethodAccessorImpl.invoke(Unknown Source)at sun.reflect.DelegatingMethodAccessorImpl.invoke(Unknown Source)at java.lang.reflect.Method.invoke(Unknown Source)at org.testng.internal.MethodInvocationHelper.invokeMethod(MethodInvocationHelper.java:124)at org.testng.internal.Invoker.invokeMethod(Invoker.java:571)at org.testng.internal.Invoker.invokeTestMethod(Invoker.java:707)at org.testng.internal.Invoker.invokeTestMethods(Invoker.java:979)at org.testng.internal.TestMethodWorker.invokeTestMethods(TestMethodWorker.java:125)at org.testng.internal.TestMethodWorker.run(TestMethodWorker.java:109)at org.testng.TestRunner.privateRun(TestRunner.java:648)at org.testng.TestRunner.run(TestRunner.java:505)at org.testng.SuiteRunner.runTest(SuiteRunner.java:455)at org.testng.SuiteRunner.runSequentially(SuiteRunner.java:450)at org.testng.SuiteRunner.privateRun(SuiteRunner.java:415)at org.testng.SuiteRunner.run(SuiteRunner.java:364)at org.testng.SuiteRunnerWorker.runSuite(SuiteRunnerWorker.java:52)at org.testng.SuiteRunnerWorker.run(SuiteRunnerWorker.java:84)at org.testng.TestNG.runSuitesSequentially(TestNG.java:1187)at org.testng.TestNG.runSuitesLocally(TestNG.java:1116)at org.testng.TestNG.runSuites(TestNG.java:1028)at org.testng.TestNG.run(TestNG.java:996)at org.testng.remote.AbstractRemoteTestNG.run(AbstractRemoteTestNG.java:114)at org.testng.remote.RemoteTestNG.initAndRun(RemoteTestNG.java:251)at org.testng.remote.RemoteTestNG.main(RemoteTestNG.java:77)Caused by: org.openqa.selenium.NoSuchElementException: Unable to locate element: {"method":"id","selector":"ld-email1"}For documentation on this error, please visit: http://seleniumhq.org/exceptions/no_such_element.htmlBuild info: version: '2.53.0', revision: '35ae25b', time: '2016-03-15 16:57:40'System info: host: 'WIN-NUTOTAM2N37', ip: '172.24.4.12', os.name: 'Windows Server 2008 R2', os.arch: 'amd64', os.version: '6.1', java.version: '1.8.0_101'Driver info: driver.version: unknownat <anonymous class>.FirefoxDriver.prototype.findElementInternal_(file:///C:/Users/ADMINI~1/AppData/Local/Temp/7/anonymous8514972482422782127webdriver-profile/extensions/fxdriver@googlecode.com/components/driver-component.js:10770)at <anonymous class>.fxdriver.Timer.prototype.setTimeout/<.notify(file:///C:/Users/ADMINI~1/AppData/Local/Temp/7/anonymous8514972482422782127webdriver-profile/extensions/fxdriver@googlecode.com/components/driver-component.js:625)]]>
    </failure>
  </testcase> <!-- loginZomato -->
  <testcase name="ZomatoLogoTest" time="0.0" classname="com.zomato.TestCases.GeneralUserHomePageTest">
    <ignored/>
  </testcase> <!-- ZomatoLogoTest -->
  <testcase name="viewRestaurantsDetailsBySearching" time="0.0" classname="com.zomato.TestCases.GeneralUserHomePageTest">
    <ignored/>
  </testcase> <!-- viewRestaurantsDetailsBySearching -->
  <testcase name="registerWithZomato" time="0.0" classname="com.zomato.TestCases.GeneralUserHomePageTest">
    <ignored/>
  </testcase> <!-- registerWithZomato -->
  <testcase name="viewRestaurantsDetailsBySuggestedSearch" time="0.0" classname="com.zomato.TestCases.GeneralUserHomePageTest">
    <ignored/>
  </testcase> <!-- viewRestaurantsDetailsBySuggestedSearch -->
  <testcase name="viewOrderByTrends" time="0.0" classname="com.zomato.TestCases.GeneralUserHomePageTest">
    <ignored/>
  </testcase> <!-- viewOrderByTrends -->
  <testcase name="HomePageTitle" time="0.0" classname="com.zomato.TestCases.GeneralUserHomePageTest">
    <ignored/>
  </testcase> <!-- HomePageTitle -->
</testsuite> <!-- Default test -->
