<?xml version="1.0" encoding="UTF-8"?>
<!-- Generated by org.testng.reporters.JUnitXMLReporter -->
<testsuite hostname="WIN-NUTOTAM2N37" ignored="6" name="Regression Registration" tests="1" failures="1" timestamp="19 Jun 2018 06:15:06 GMT" time="32.77" errors="0">
  <testcase name="loginZomato" time="17.46" classname="com.zomato.TestCases.GeneralUserHomePageTest">
    <failure type="org.openqa.selenium.NoSuchElementException" message="Unable to locate element: {&amp;quot;method&amp;quot;:&amp;quot;xpath&amp;quot;,&amp;quot;selector&amp;quot;:&amp;quot;//div[@id=&amp;apos;login-navigation&amp;apos;]/div/div/span[1]&amp;quot;}
Command duration or timeout: 10.19 seconds
For documentation on this error, please visit: http://seleniumhq.org/exceptions/no_such_element.html
Build info: version: &amp;apos;2.53.0&amp;apos;, revision: &amp;apos;35ae25b&amp;apos;, time: &amp;apos;2016-03-15 16:57:40&amp;apos;
System info: host: &amp;apos;WIN-NUTOTAM2N37&amp;apos;, ip: &amp;apos;172.24.4.12&amp;apos;, os.name: &amp;apos;Windows Server 2008 R2&amp;apos;, os.arch: &amp;apos;amd64&amp;apos;, os.version: &amp;apos;6.1&amp;apos;, java.version: &amp;apos;1.8.0_101&amp;apos;
Driver info: org.openqa.selenium.firefox.FirefoxDriver
Capabilities [{applicationCacheEnabled=true, rotatable=false, handlesAlerts=true, databaseEnabled=true, version=46.0, platform=WINDOWS, nativeEvents=false, acceptSslCerts=true, webStorageEnabled=true, locationContextEnabled=true, browserName=firefox, takesScreenshot=true, javascriptEnabled=true, cssSelectorsEnabled=true}]
Session ID: 33e25948-b80d-4021-930e-35b1eca054db
*** Element info: {Using=xpath, value=//div[@id=&amp;apos;login-navigation&amp;apos;]/div/div/span[1]}">
      <![CDATA[org.openqa.selenium.NoSuchElementException: Unable to locate element: {"method":"xpath","selector":"//div[@id='login-navigation']/div/div/span[1]"}Command duration or timeout: 10.19 secondsFor documentation on this error, please visit: http://seleniumhq.org/exceptions/no_such_element.htmlBuild info: version: '2.53.0', revision: '35ae25b', time: '2016-03-15 16:57:40'System info: host: 'WIN-NUTOTAM2N37', ip: '172.24.4.12', os.name: 'Windows Server 2008 R2', os.arch: 'amd64', os.version: '6.1', java.version: '1.8.0_101'Driver info: org.openqa.selenium.firefox.FirefoxDriverCapabilities [{applicationCacheEnabled=true, rotatable=false, handlesAlerts=true, databaseEnabled=true, version=46.0, platform=WINDOWS, nativeEvents=false, acceptSslCerts=true, webStorageEnabled=true, locationContextEnabled=true, browserName=firefox, takesScreenshot=true, javascriptEnabled=true, cssSelectorsEnabled=true}]Session ID: 33e25948-b80d-4021-930e-35b1eca054db*** Element info: {Using=xpath, value=//div[@id='login-navigation']/div/div/span[1]}at org.openqa.selenium.remote.ErrorHandler.createThrowable(ErrorHandler.java:206)at org.openqa.selenium.remote.ErrorHandler.throwIfResponseFailed(ErrorHandler.java:158)at org.openqa.selenium.remote.RemoteWebDriver.execute(RemoteWebDriver.java:678)at org.openqa.selenium.remote.RemoteWebDriver.findElement(RemoteWebDriver.java:363)at org.openqa.selenium.remote.RemoteWebDriver.findElementByXPath(RemoteWebDriver.java:500)at org.openqa.selenium.By$ByXPath.findElement(By.java:361)at org.openqa.selenium.remote.RemoteWebDriver.findElement(RemoteWebDriver.java:355)at org.openqa.selenium.support.pagefactory.DefaultElementLocator.findElement(DefaultElementLocator.java:69)at org.openqa.selenium.support.pagefactory.internal.LocatingElementHandler.invoke(LocatingElementHandler.java:38)at com.sun.proxy.$Proxy9.getText(Unknown Source)at com.zomato.WebElements.RegisteredUserHomePageWebElements.validateCustomerName(RegisteredUserHomePageWebElements.java:57)at com.zomato.TestCases.GeneralUserHomePageTest.loginZomato(GeneralUserHomePageTest.java:66)Caused by: org.openqa.selenium.NoSuchElementException: Unable to locate element: {"method":"xpath","selector":"//div[@id='login-navigation']/div/div/span[1]"}For documentation on this error, please visit: http://seleniumhq.org/exceptions/no_such_element.htmlBuild info: version: '2.53.0', revision: '35ae25b', time: '2016-03-15 16:57:40'System info: host: 'WIN-NUTOTAM2N37', ip: '172.24.4.12', os.name: 'Windows Server 2008 R2', os.arch: 'amd64', os.version: '6.1', java.version: '1.8.0_101'Driver info: driver.version: unknownat <anonymous class>.FirefoxDriver.prototype.findElementInternal_(file:///C:/Users/ADMINI~1/AppData/Local/Temp/4/anonymous9211767377633728326webdriver-profile/extensions/fxdriver@googlecode.com/components/driver-component.js:10770)at <anonymous class>.fxdriver.Timer.prototype.setTimeout/<.notify(file:///C:/Users/ADMINI~1/AppData/Local/Temp/4/anonymous9211767377633728326webdriver-profile/extensions/fxdriver@googlecode.com/components/driver-component.js:625)... Removed 29 stack frames]]>
    </failure>
  </testcase> <!-- loginZomato -->
  <testcase name="ZomatoLogoTest" time="0.0" classname="com.zomato.TestCases.GeneralUserHomePageTest">
    <ignored/>
  </testcase> <!-- ZomatoLogoTest -->
  <testcase name="viewRestaurantsDetailsBySearching" time="0.0" classname="com.zomato.TestCases.GeneralUserHomePageTest">
    <ignored/>
  </testcase> <!-- viewRestaurantsDetailsBySearching -->
  <testcase name="registerWithZomato" time="0.0" classname="com.zomato.TestCases.GeneralUserHomePageTest">
    <ignored/>
  </testcase> <!-- registerWithZomato -->
  <testcase name="viewRestaurantsDetailsBySuggestedSearch" time="0.0" classname="com.zomato.TestCases.GeneralUserHomePageTest">
    <ignored/>
  </testcase> <!-- viewRestaurantsDetailsBySuggestedSearch -->
  <testcase name="viewOrderByTrends" time="0.0" classname="com.zomato.TestCases.GeneralUserHomePageTest">
    <ignored/>
  </testcase> <!-- viewOrderByTrends -->
  <testcase name="HomePageTitle" time="0.0" classname="com.zomato.TestCases.GeneralUserHomePageTest">
    <ignored/>
  </testcase> <!-- HomePageTitle -->
</testsuite> <!-- Regression Registration -->
